#
# There is insufficient memory for the Java Runtime Environment to continue.
# Native memory allocation (malloc) failed to allocate 1048576 bytes for AllocateHeap
# Possible reasons:
#   The system is out of physical RAM or swap space
#   The process is running with CompressedOops enabled, and the Java Heap may be blocking the growth of the native heap
# Possible solutions:
#   Reduce memory load on the system
#   Increase physical memory or swap space
#   Check if swap backing store is full
#   Decrease Java heap size (-Xmx/-Xms)
#   Decrease number of Java threads
#   Decrease Java thread stack sizes (-Xss)
#   Set larger code cache with -XX:ReservedCodeCacheSize=
#   JVM is running with Unscaled Compressed Oops mode in which the Java heap is
#     placed in the first 4GB address space. The Java Heap base address is the
#     maximum limit for the native heap growth. Please use -XX:HeapBaseMinAddress
#     to set the Java Heap base and to place the Java Heap above 4GB virtual address.
# This output file may be truncated or incomplete.
#
#  Out of Memory Error (memory/allocation.inline.hpp:61), pid=13212, tid=0x0000000000003348
#
# JRE version:  (8.0_291-b10) (build )
# Java VM: Java HotSpot(TM) 64-Bit Server VM (25.291-b10 mixed mode windows-amd64 compressed oops)
# Failed to write core dump. Minidumps are not enabled by default on client versions of Windows
#

---------------  T H R E A D  ---------------

Current thread (0x000001a3ec0be000):  JavaThread "Unknown thread" [_thread_in_vm, id=13128, stack(0x00000086a6000000,0x00000086a6100000)]

Stack: [0x00000086a6000000,0x00000086a6100000]
Native frames: (J=compiled Java code, j=interpreted, Vv=VM code, C=native code)
V  [jvm.dll+0x32ea19]
V  [jvm.dll+0x275462]
V  [jvm.dll+0x27610d]
V  [jvm.dll+0x26cb45]
V  [jvm.dll+0x509d]
V  [jvm.dll+0x3c9b4c]
V  [jvm.dll+0x3c5ec7]
V  [jvm.dll+0xfcaff]
V  [jvm.dll+0x209dfb]
V  [jvm.dll+0x238827]
V  [jvm.dll+0x1625b6]
C  [javaw.exe+0x2322]
C  [javaw.exe+0x16544]
C  [KERNEL32.DLL+0x17034]
C  [ntdll.dll+0x52651]


---------------  P R O C E S S  ---------------

Java Threads: ( => current thread )

Other Threads:

=>0x000001a3ec0be000 (exited) JavaThread "Unknown thread" [_thread_in_vm, id=13128, stack(0x00000086a6000000,0x00000086a6100000)]

VM state:not at safepoint (normal execution)

VM Mutex/Monitor currently owned by a thread: None

heap address: 0x0000000081800000, size: 2024 MB, Compressed Oops mode: 32-bit
Narrow klass base: 0x0000000000000000, Narrow klass shift: 3
Compressed class space size: 1073741824 Address: 0x0000000100000000

Heap:
 PSYoungGen      total 38400K, used 665K [0x00000000d5d80000, 0x00000000d8800000, 0x0000000100000000)
  eden space 33280K, 2% used [0x00000000d5d80000,0x00000000d5e26670,0x00000000d7e00000)
  from space 5120K, 0% used [0x00000000d8300000,0x00000000d8300000,0x00000000d8800000)
  to   space 5120K, 0% used [0x00000000d7e00000,0x00000000d7e00000,0x00000000d8300000)
 ParOldGen       total 87552K, used 0K [0x0000000081800000, 0x0000000086d80000, 0x00000000d5d80000)
  object space 87552K, 0% used [0x0000000081800000,0x0000000081800000,0x0000000086d80000)
 Metaspace       used 755K, capacity 1092K, committed 1152K, reserved 1060864K
  class space    used 76K, capacity 384K, committed 384K, reserved 1048576K

Card table byte_map: [0x000001a3fce50000,0x000001a3fd250000] byte_map_base: 0x000001a3fca44000

Marking Bits: (ParMarkBitMap*) 0x0000000066b07fe0
 Begin Bits: [0x000001a380000000, 0x000001a381fa0000)
 End Bits:   [0x000001a381fa0000, 0x000001a383f40000)

Polling page: 0x000001a3ec040000

CodeCache: size=245760Kb used=328Kb max_used=328Kb free=245431Kb
 bounds [0x000001a3eda90000, 0x000001a3edd00000, 0x000001a3fca90000]
 total_blobs=58 nmethods=0 adapters=38
 compilation: enabled

Compilation events (0 events):
No events

GC Heap History (0 events):
No events

Deoptimization events (0 events):
No events

Classes redefined (0 events):
No events

Internal exceptions (0 events):
No events

Events (10 events):
Event: 0.078 loading class java/lang/Short
Event: 0.078 loading class java/lang/Short done
Event: 0.078 loading class java/lang/Integer
Event: 0.078 loading class java/lang/Integer done
Event: 0.078 loading class java/lang/Long
Event: 0.078 loading class java/lang/Long done
Event: 0.079 loading class java/lang/NullPointerException
Event: 0.079 loading class java/lang/NullPointerException done
Event: 0.079 loading class java/lang/ArithmeticException
Event: 0.079 loading class java/lang/ArithmeticException done


Dynamic libraries:
0x00007ff64cff0000 - 0x00007ff64d037000 	C:\Program Files\Java\jre1.8.0_291\bin\javaw.exe
0x00007ffc151f0000 - 0x00007ffc153e5000 	C:\WINDOWS\SYSTEM32\ntdll.dll
0x00007ffc13f90000 - 0x00007ffc1404d000 	C:\WINDOWS\System32\KERNEL32.DLL
0x00007ffc12ee0000 - 0x00007ffc131a8000 	C:\WINDOWS\System32\KERNELBASE.dll
0x00007ffc13ae0000 - 0x00007ffc13b8c000 	C:\WINDOWS\System32\ADVAPI32.dll
0x00007ffc150b0000 - 0x00007ffc1514e000 	C:\WINDOWS\System32\msvcrt.dll
0x00007ffc14180000 - 0x00007ffc1421b000 	C:\WINDOWS\System32\sechost.dll
0x00007ffc14050000 - 0x00007ffc1417b000 	C:\WINDOWS\System32\RPCRT4.dll
0x00007ffc13bf0000 - 0x00007ffc13d90000 	C:\WINDOWS\System32\USER32.dll
0x00007ffc12da0000 - 0x00007ffc12dc2000 	C:\WINDOWS\System32\win32u.dll
0x00007ffc13da0000 - 0x00007ffc13dca000 	C:\WINDOWS\System32\GDI32.dll
0x00007ffc12c90000 - 0x00007ffc12d9b000 	C:\WINDOWS\System32\gdi32full.dll
0x00007ffc12bf0000 - 0x00007ffc12c8d000 	C:\WINDOWS\System32\msvcp_win.dll
0x00007ffc12990000 - 0x00007ffc12a90000 	C:\WINDOWS\System32\ucrtbase.dll
0x00007ffc0a590000 - 0x00007ffc0a82a000 	C:\WINDOWS\WinSxS\amd64_microsoft.windows.common-controls_6595b64144ccf1df_6.0.19041.1052_none_60b8f8fd71f5e8cb\COMCTL32.dll
0x00007ffc15080000 - 0x00007ffc150b0000 	C:\WINDOWS\System32\IMM32.DLL
0x00007ffc07240000 - 0x00007ffc07255000 	C:\Program Files\Java\jre1.8.0_291\bin\vcruntime140.dll
0x00007ffbf4a40000 - 0x00007ffbf4adb000 	C:\Program Files\Java\jre1.8.0_291\bin\msvcp140.dll
0x0000000066320000 - 0x0000000066b80000 	C:\Program Files\Java\jre1.8.0_291\bin\server\jvm.dll
0x00007ffc13d90000 - 0x00007ffc13d98000 	C:\WINDOWS\System32\PSAPI.DLL
0x00007ffc04b80000 - 0x00007ffc04b89000 	C:\WINDOWS\SYSTEM32\WSOCK32.dll
0x00007ffc15010000 - 0x00007ffc1507b000 	C:\WINDOWS\System32\WS2_32.dll
0x00007ffc0d7c0000 - 0x00007ffc0d7e7000 	C:\WINDOWS\SYSTEM32\WINMM.dll
0x00007ffc08490000 - 0x00007ffc0849a000 	C:\WINDOWS\SYSTEM32\VERSION.dll
0x00007ffc11230000 - 0x00007ffc11242000 	C:\WINDOWS\SYSTEM32\kernel.appcore.dll
0x00007ffbf39e0000 - 0x00007ffbf39f0000 	C:\Program Files\Java\jre1.8.0_291\bin\verify.dll
0x00007ffbe2fc0000 - 0x00007ffbe2feb000 	C:\Program Files\Java\jre1.8.0_291\bin\java.dll
0x00007ffbe8ff0000 - 0x00007ffbe9008000 	C:\Program Files\Java\jre1.8.0_291\bin\zip.dll
0x00007ffc09740000 - 0x00007ffc09924000 	C:\WINDOWS\SYSTEM32\dbghelp.dll
0x00007ffc12e50000 - 0x00007ffc12ed3000 	C:\WINDOWS\System32\bcryptPrimitives.dll

VM Arguments:
jvm_args: -Dfile.encoding=Cp1252 
java_command: com.mayur.SearchRepitedNumber
java_class_path (initial): D:\BookStoreWebsite_current\CoreJavaProject\bin
Launcher Type: SUN_STANDARD

Environment Variables:
PATH=C:/Program Files/Java/jre1.8.0_291/bin/server;C:/Program Files/Java/jre1.8.0_291/bin;C:/Program Files/Java/jre1.8.0_291/lib/amd64;C:\Program Files (x86)\Common Files\Oracle\Java\javapath;C:\WINDOWS\system32;C:\WINDOWS;C:\WINDOWS\System32\Wbem;C:\WINDOWS\System32\WindowsPowerShell\v1.0\;C:\WINDOWS\System32\OpenSSH\;C:\Program Files\Java\jdk1.8.0_291\bin;C:\Program Files\Microsoft SQL Server\130\Tools\Binn\;C:\Program Files\Microsoft SQL Server\Client SDK\ODBC\170\Tools\Binn\;C:\Program Files (x86)\Microsoft SQL Server\150\Tools\Binn\;C:\Program Files\Microsoft SQL Server\150\Tools\Binn\;C:\Program Files\Microsoft SQL Server\150\DTS\Binn\;C:\Program Files\dotnet\;C:\Program Files (x86)\Microsoft SQL Server\150\DTS\Binn\;C:\Program Files\Azure Data Studio\bin;C:\Users\HP\AppData\Local\Microsoft\WindowsApps;C:\Users\HP\.dotnet\tools;C:\Program Files\Azure Data Studio\bin;C:\Users\HP\Downloads\eclipse-jee-2019-03-R-win32-x86_64\eclipse;
USERNAME=HP
OS=Windows_NT
PROCESSOR_IDENTIFIER=Intel64 Family 6 Model 69 Stepping 1, GenuineIntel



---------------  S Y S T E M  ---------------

OS: Windows 10.0 , 64 bit Build 19041 (10.0.19041.1023)

CPU:total 4 (initial active 4) (2 cores per cpu, 2 threads per core) family 6 model 69 stepping 1, cmov, cx8, fxsr, mmx, sse, sse2, sse3, ssse3, sse4.1, sse4.2, popcnt, avx, avx2, aes, clmul, erms, lzcnt, ht, tsc, tscinvbit, bmi1, bmi2

Memory: 4k page, physical 8283244k(2626572k free), swap 21316328k(5132k free)

vm_info: Java HotSpot(TM) 64-Bit Server VM (25.291-b10) for windows-amd64 JRE (1.8.0_291-b10), built on Apr  9 2021 00:02:00 by "java_re" with MS VC++ 15.9 (VS2017)

time: Wed Jun 23 00:01:46 2021
timezone: India Standard Time
elapsed time: 0.126010 seconds (0d 0h 0m 0s)

